# JRE version: Java(TM) SE Runtime Environment (8.0_20-b26) (build 1.8.0_20-b26)
# Java VM: Java HotSpot(TM) 64-Bit Server VM (25.20-b23 mixed mode windows-amd64 compressed oops)
Heap:
 PSYoungGen      total 139264K, used 125906K [0x000000076c180000, 0x0000000777000000, 0x00000007c0000000)
  eden space 128512K, 89% used [0x000000076c180000,0x00000007731f7878,0x0000000773f00000)
  from space 10752K, 99% used [0x0000000773f00000,0x000000077497d2a0,0x0000000774980000)
  to   space 12288K, 0% used [0x0000000776400000,0x0000000776400000,0x0000000777000000)
 ParOldGen       total 100864K, used 8376K [0x00000006c4400000, 0x00000006ca680000, 0x000000076c180000)
  object space 100864K, 8% used [0x00000006c4400000,0x00000006c4c2e3d0,0x00000006ca680000)
 Metaspace       used 33368K, capacity 34640K, committed 34944K, reserved 1079296K
  class space    used 4654K, capacity 4865K, committed 4992K, reserved 1048576K
GC Heap History (10 events):
Event: 1.574 GC heap before
{Heap before GC invocations=2 (full 0):
 PSYoungGen      total 75264K, used 71199K [0x000000076c180000, 0x0000000771580000, 0x00000007c0000000)
  eden space 64512K, 100% used [0x000000076c180000,0x0000000770080000,0x0000000770080000)
  from space 10752K, 62% used [0x0000000770080000,0x0000000770707e38,0x0000000770b00000)
  to   space 10752K, 0% used [0x0000000770b00000,0x0000000770b00000,0x0000000771580000)
 ParOldGen       total 172032K, used 80K [0x00000006c4400000, 0x00000006cec00000, 0x000000076c180000)
  object space 172032K, 0% used [0x00000006c4400000,0x00000006c4414010,0x00000006cec00000)
 Metaspace       used 17203K, capacity 17826K, committed 18048K, reserved 1064960K
  class space    used 2201K, capacity 2322K, committed 2432K, reserved 1048576K
Event: 1.586 GC heap after
Heap after GC invocations=2 (full 0):
 PSYoungGen      total 75264K, used 7343K [0x000000076c180000, 0x0000000775480000, 0x00000007c0000000)
  eden space 64512K, 0% used [0x000000076c180000,0x000000076c180000,0x0000000770080000)
  from space 10752K, 68% used [0x0000000770b00000,0x000000077122bdc8,0x0000000771580000)
  to   space 10752K, 0% used [0x0000000770080000,0x0000000770080000,0x0000000770b00000)
 ParOldGen       total 172032K, used 96K [0x00000006c4400000, 0x00000006cec00000, 0x000000076c180000)
  object space 172032K, 0% used [0x00000006c4400000,0x00000006c4418010,0x00000006cec00000)
 Metaspace       used 17203K, capacity 17826K, committed 18048K, reserved 1064960K
  class space    used 2201K, capacity 2322K, committed 2432K, reserved 1048576K
}
Event: 1.788 GC heap before
{Heap before GC invocations=3 (full 0):
 PSYoungGen      total 75264K, used 60438K [0x000000076c180000, 0x0000000775480000, 0x00000007c0000000)
  eden space 64512K, 82% used [0x000000076c180000,0x000000076f559e10,0x0000000770080000)
  from space 10752K, 68% used [0x0000000770b00000,0x000000077122bdc8,0x0000000771580000)
  to   space 10752K, 0% used [0x0000000770080000,0x0000000770080000,0x0000000770b00000)
 ParOldGen       total 172032K, used 96K [0x00000006c4400000, 0x00000006cec00000, 0x000000076c180000)
  object space 172032K, 0% used [0x00000006c4400000,0x00000006c4418010,0x00000006cec00000)
 Metaspace       used 20561K, capacity 21166K, committed 21296K, reserved 1067008K
  class space    used 2743K, capacity 2872K, committed 2944K, reserved 1048576K
Event: 1.799 GC heap after
Heap after GC invocations=3 (full 0):
 PSYoungGen      total 75264K, used 8081K [0x000000076c180000, 0x0000000775480000, 0x00000007c0000000)
  eden space 64512K, 0% used [0x000000076c180000,0x000000076c180000,0x0000000770080000)
  from space 10752K, 75% used [0x0000000770080000,0x0000000770864468,0x0000000770b00000)
  to   space 10752K, 0% used [0x0000000774a00000,0x0000000774a00000,0x0000000775480000)
 ParOldGen       total 172032K, used 104K [0x00000006c4400000, 0x00000006cec00000, 0x000000076c180000)
  object space 172032K, 0% used [0x00000006c4400000,0x00000006c441a010,0x00000006cec00000)
 Metaspace       used 20561K, capacity 21166K, committed 21296K, reserved 1067008K
  class space    used 2743K, capacity 2872K, committed 2944K, reserved 1048576K
}
Event: 1.799 GC heap before
{Heap before GC invocations=4 (full 1):
 PSYoungGen      total 75264K, used 8081K [0x000000076c180000, 0x0000000775480000, 0x00000007c0000000)
  eden space 64512K, 0% used [0x000000076c180000,0x000000076c180000,0x0000000770080000)
  from space 10752K, 75% used [0x0000000770080000,0x0000000770864468,0x0000000770b00000)
  to   space 10752K, 0% used [0x0000000774a00000,0x0000000774a00000,0x0000000775480000)
 ParOldGen       total 172032K, used 104K [0x00000006c4400000, 0x00000006cec00000, 0x000000076c180000)
  object space 172032K, 0% used [0x00000006c4400000,0x00000006c441a010,0x00000006cec00000)
 Metaspace       used 20561K, capacity 21166K, committed 21296K, reserved 1067008K
  class space    used 2743K, capacity 2872K, committed 2944K, reserved 1048576K
Event: 1.837 GC heap after
Heap after GC invocations=4 (full 1):
 PSYoungGen      total 75264K, used 0K [0x000000076c180000, 0x0000000775480000, 0x00000007c0000000)
  eden space 64512K, 0% used [0x000000076c180000,0x000000076c180000,0x0000000770080000)
  from space 10752K, 0% used [0x0000000770080000,0x0000000770080000,0x0000000770b00000)
  to   space 10752K, 0% used [0x0000000774a00000,0x0000000774a00000,0x0000000775480000)
 ParOldGen       total 100864K, used 7814K [0x00000006c4400000, 0x00000006ca680000, 0x000000076c180000)
  object space 100864K, 7% used [0x00000006c4400000,0x00000006c4ba1a08,0x00000006ca680000)
 Metaspace       used 20559K, capacity 21164K, committed 21296K, reserved 1067008K
  class space    used 2742K, capacity 2871K, committed 2944K, reserved 1048576K
}
Event: 2.275 GC heap before
{Heap before GC invocations=5 (full 1):
 PSYoungGen      total 75264K, used 64512K [0x000000076c180000, 0x0000000775480000, 0x00000007c0000000)
  eden space 64512K, 100% used [0x000000076c180000,0x0000000770080000,0x0000000770080000)
  from space 10752K, 0% used [0x0000000770080000,0x0000000770080000,0x0000000770b00000)
  to   space 10752K, 0% used [0x0000000774a00000,0x0000000774a00000,0x0000000775480000)
 ParOldGen       total 100864K, used 7814K [0x00000006c4400000, 0x00000006ca680000, 0x000000076c180000)
  object space 100864K, 7% used [0x00000006c4400000,0x00000006c4ba1a08,0x00000006ca680000)
 Metaspace       used 25528K, capacity 26540K, committed 26752K, reserved 1073152K
  class space    used 3388K, capacity 3587K, committed 3712K, reserved 1048576K
Event: 2.287 GC heap after
Heap after GC invocations=5 (full 1):
 PSYoungGen      total 111104K, used 10225K [0x000000076c180000, 0x0000000775400000, 0x00000007c0000000)
  eden space 100864K, 0% used [0x000000076c180000,0x000000076c180000,0x0000000772400000)
  from space 10240K, 99% used [0x0000000774a00000,0x00000007753fc788,0x0000000775400000)
  to   space 10752K, 0% used [0x0000000773f00000,0x0000000773f00000,0x0000000774980000)
 ParOldGen       total 100864K, used 7822K [0x00000006c4400000, 0x00000006ca680000, 0x000000076c180000)
  object space 100864K, 7% used [0x00000006c4400000,0x00000006c4ba3a08,0x00000006ca680000)
 Metaspace       used 25528K, capacity 26540K, committed 26752K, reserved 1073152K
  class space    used 3388K, capacity 3587K, committed 3712K, reserved 1048576K
}
Event: 3.155 GC heap before
{Heap before GC invocations=6 (full 1):
 PSYoungGen      total 111104K, used 111089K [0x000000076c180000, 0x0000000775400000, 0x00000007c0000000)
  eden space 100864K, 100% used [0x000000076c180000,0x0000000772400000,0x0000000772400000)
  from space 10240K, 99% used [0x0000000774a00000,0x00000007753fc788,0x0000000775400000)
  to   space 10752K, 0% used [0x0000000773f00000,0x0000000773f00000,0x0000000774980000)
 ParOldGen       total 100864K, used 7822K [0x00000006c4400000, 0x00000006ca680000, 0x000000076c180000)
  object space 100864K, 7% used [0x00000006c4400000,0x00000006c4ba3a08,0x00000006ca680000)
 Metaspace       used 30468K, capacity 31550K, committed 31872K, reserved 1077248K
  class space    used 4232K, capacity 4428K, committed 4480K, reserved 1048576K
Event: 3.166 GC heap after
Heap after GC invocations=6 (full 1):
 PSYoungGen      total 139264K, used 10740K [0x000000076c180000, 0x0000000777000000, 0x00000007c0000000)
  eden space 128512K, 0% used [0x000000076c180000,0x000000076c180000,0x0000000773f00000)
  from space 10752K, 99% used [0x0000000773f00000,0x000000077497d2a0,0x0000000774980000)
  to   space 12288K, 0% used [0x0000000776400000,0x0000000776400000,0x0000000777000000)
 ParOldGen       total 100864K, used 8376K [0x00000006c4400000, 0x00000006ca680000, 0x000000076c180000)
  object space 100864K, 8% used [0x00000006c4400000,0x00000006c4c2e3d0,0x00000006ca680000)
 Metaspace       used 30468K, capacity 31550K, committed 31872K, reserved 1077248K
  class space    used 4232K, capacity 4428K, committed 4480K, reserved 1048576K
}

